<?xml version="1.0" encoding="UTF-8"?>
<!-- Generated by org.testng.reporters.JUnitReportReporter -->
<testsuite hostname="LAPTOP-H4JPT2A9" failures="0" tests="4" name="pack1.TestNG_verify_rooms_page" time="23.738" errors="0" timestamp="2022-10-06T01:34:38 IST" skipped="0">
  <testcase classname="pack1.TestNG_verify_rooms_page" name="Verify_VisitToHelpCenter_button" time="10.042"/>
  <system-out/>
  <testcase classname="pack1.TestNG_verify_rooms_page" name="Verify_ReturnToMessenger_button" time="2.575"/>
  <system-out/>
  <testcase classname="pack1.TestNG_verify_rooms_page" name="Verify_ReturnToMessenger_button" time="3.416"/>
  <system-out/>
  <testcase classname="pack1.TestNG_verify_rooms_page" name="Verify_VisitToHelpCenter_button" time="7.705"/>
  <system-out/>
</testsuite> <!-- pack1.TestNG_verify_rooms_page -->
