<?xml version="1.0" encoding="UTF-8"?>
<!-- Generated by org.testng.reporters.JUnitReportReporter -->
<testsuite hostname="LAPTOP-H4JPT2A9" failures="0" tests="2" name="pack1.verify_rooms_page" time="17.643" errors="0" timestamp="2022-09-19T10:31:28 IST" skipped="0">
  <testcase classname="pack1.verify_rooms_page" name="Verify_ReturnToMessenger_button" time="10.549"/>
  <system-out/>
  <testcase classname="pack1.verify_rooms_page" name="Verify_VisitToHelpCenter_button" time="7.094"/>
  <system-out/>
</testsuite> <!-- pack1.verify_rooms_page -->
