<?xml version="1.0" encoding="UTF-8"?>
<!-- Generated by org.testng.reporters.JUnitReportReporter -->
<testsuite hostname="LAPTOP-H4JPT2A9" failures="0" tests="2" name="pack1.TestNG_Annotations1" time="0.012" errors="0" timestamp="2022-09-23T12:10:46 IST" skipped="0">
  <testcase classname="pack1.TestNG_Annotations1" name="test1" time="0.002"/>
  <system-out/>
  <testcase classname="pack1.TestNG_Annotations1" name="test1" time="0.010"/>
  <system-out/>
</testsuite> <!-- pack1.TestNG_Annotations1 -->
