<?xml version="1.0" encoding="UTF-8"?>
<!-- Generated by org.testng.reporters.JUnitReportReporter -->
<testsuite hostname="LAPTOP-H4JPT2A9" failures="0" tests="4" name="pack1.TestNG_Keywords" time="0.019" errors="0" timestamp="2022-09-24T10:54:02 IST" skipped="1">
  <testcase classname="pack1.TestNG_Keywords" name="test1" time="0.014"/>
  <system-out/>
  <testcase classname="pack1.TestNG_Keywords" name="test1" time="0.003"/>
  <system-out/>
  <testcase classname="pack1.TestNG_Keywords" name="test2" time="0.002"/>
  <system-out/>
  <testcase classname="pack1.TestNG_Keywords" name="test3">
    <skipped/>
  </testcase> <!-- test3 -->
  <system-out/>
</testsuite> <!-- pack1.TestNG_Keywords -->
